<?xml version="1.0" encoding="UTF-8"?>
<testsuite name="rabbitmqconsumer.RabbitMqConsumerApplicationTests" tests="1" skipped="0" failures="0" errors="0" timestamp="2023-12-01T13:05:17" hostname="DESKTOP-S14N3LP" time="0.375">
  <properties/>
  <testcase name="contextLoads()" classname="rabbitmqconsumer.RabbitMqConsumerApplicationTests" time="0.375"/>
  <system-out><![CDATA[17:05:15.323 [Test worker] DEBUG org.springframework.test.context.BootstrapUtils - Instantiating CacheAwareContextLoaderDelegate from class [org.springframework.test.context.cache.DefaultCacheAwareContextLoaderDelegate]
17:05:15.331 [Test worker] DEBUG org.springframework.test.context.BootstrapUtils - Instantiating BootstrapContext using constructor [public org.springframework.test.context.support.DefaultBootstrapContext(java.lang.Class,org.springframework.test.context.CacheAwareContextLoaderDelegate)]
17:05:15.360 [Test worker] DEBUG org.springframework.test.context.BootstrapUtils - Instantiating TestContextBootstrapper for test class [rabbitmqconsumer.RabbitMqConsumerApplicationTests] from class [org.springframework.boot.test.context.SpringBootTestContextBootstrapper]
17:05:15.368 [Test worker] INFO org.springframework.boot.test.context.SpringBootTestContextBootstrapper - Neither @ContextConfiguration nor @ContextHierarchy found for test class [rabbitmqconsumer.RabbitMqConsumerApplicationTests], using SpringBootContextLoader
17:05:15.371 [Test worker] DEBUG org.springframework.test.context.support.AbstractContextLoader - Did not detect default resource location for test class [rabbitmqconsumer.RabbitMqConsumerApplicationTests]: class path resource [rabbitmqconsumer/RabbitMqConsumerApplicationTests-context.xml] does not exist
17:05:15.371 [Test worker] DEBUG org.springframework.test.context.support.AbstractContextLoader - Did not detect default resource location for test class [rabbitmqconsumer.RabbitMqConsumerApplicationTests]: class path resource [rabbitmqconsumer/RabbitMqConsumerApplicationTestsContext.groovy] does not exist
17:05:15.372 [Test worker] INFO org.springframework.test.context.support.AbstractContextLoader - Could not detect default resource locations for test class [rabbitmqconsumer.RabbitMqConsumerApplicationTests]: no resource found for suffixes {-context.xml, Context.groovy}.
17:05:15.372 [Test worker] INFO org.springframework.test.context.support.AnnotationConfigContextLoaderUtils - Could not detect default configuration classes for test class [rabbitmqconsumer.RabbitMqConsumerApplicationTests]: RabbitMqConsumerApplicationTests does not declare any static, non-private, non-final, nested classes annotated with @Configuration.
17:05:15.405 [Test worker] DEBUG org.springframework.test.context.support.ActiveProfilesUtils - Could not find an 'annotation declaring class' for annotation type [org.springframework.test.context.ActiveProfiles] and class [rabbitmqconsumer.RabbitMqConsumerApplicationTests]
17:05:15.457 [Test worker] DEBUG org.springframework.context.annotation.ClassPathScanningCandidateComponentProvider - Identified candidate component class: file [C:\Users\USER\Desktop\RABBIT-MQ-PRACTICE\rabbit-mq-consumer\build\classes\java\main\rabbitmqconsumer\RabbitMqConsumerApplication.class]
17:05:15.458 [Test worker] INFO org.springframework.boot.test.context.SpringBootTestContextBootstrapper - Found @SpringBootConfiguration rabbitmqconsumer.RabbitMqConsumerApplication for test class rabbitmqconsumer.RabbitMqConsumerApplicationTests
17:05:15.537 [Test worker] DEBUG org.springframework.boot.test.context.SpringBootTestContextBootstrapper - @TestExecutionListeners is not present for class [rabbitmqconsumer.RabbitMqConsumerApplicationTests]: using defaults.
17:05:15.538 [Test worker] INFO org.springframework.boot.test.context.SpringBootTestContextBootstrapper - Loaded default TestExecutionListener class names from location [META-INF/spring.factories]: [org.springframework.boot.test.autoconfigure.restdocs.RestDocsTestExecutionListener, org.springframework.boot.test.autoconfigure.web.client.MockRestServiceServerResetTestExecutionListener, org.springframework.boot.test.autoconfigure.web.servlet.MockMvcPrintOnlyOnFailureTestExecutionListener, org.springframework.boot.test.autoconfigure.web.servlet.WebDriverTestExecutionListener, org.springframework.boot.test.autoconfigure.webservices.client.MockWebServiceServerTestExecutionListener, org.springframework.boot.test.mock.mockito.MockitoTestExecutionListener, org.springframework.boot.test.mock.mockito.ResetMocksTestExecutionListener, org.springframework.test.context.web.ServletTestExecutionListener, org.springframework.test.context.support.DirtiesContextBeforeModesTestExecutionListener, org.springframework.test.context.event.ApplicationEventsTestExecutionListener, org.springframework.test.context.support.DependencyInjectionTestExecutionListener, org.springframework.test.context.support.DirtiesContextTestExecutionListener, org.springframework.test.context.transaction.TransactionalTestExecutionListener, org.springframework.test.context.jdbc.SqlScriptsTestExecutionListener, org.springframework.test.context.event.EventPublishingTestExecutionListener]
17:05:15.550 [Test worker] INFO org.springframework.boot.test.context.SpringBootTestContextBootstrapper - Using TestExecutionListeners: [org.springframework.test.context.web.ServletTestExecutionListener@c7a975a, org.springframework.test.context.support.DirtiesContextBeforeModesTestExecutionListener@2c1b9e4b, org.springframework.test.context.event.ApplicationEventsTestExecutionListener@757d6814, org.springframework.boot.test.mock.mockito.MockitoTestExecutionListener@649725e3, org.springframework.boot.test.autoconfigure.SpringBootDependencyInjectionTestExecutionListener@3c0fae6c, org.springframework.test.context.support.DirtiesContextTestExecutionListener@4c168660, org.springframework.test.context.transaction.TransactionalTestExecutionListener@52b56a3e, org.springframework.test.context.jdbc.SqlScriptsTestExecutionListener@fd0e5b6, org.springframework.test.context.event.EventPublishingTestExecutionListener@4eed46ee, org.springframework.boot.test.autoconfigure.restdocs.RestDocsTestExecutionListener@36b0fcd5, org.springframework.boot.test.autoconfigure.web.client.MockRestServiceServerResetTestExecutionListener@4fad94a7, org.springframework.boot.test.autoconfigure.web.servlet.MockMvcPrintOnlyOnFailureTestExecutionListener@475835b1, org.springframework.boot.test.autoconfigure.web.servlet.WebDriverTestExecutionListener@6326d182, org.springframework.boot.test.autoconfigure.webservices.client.MockWebServiceServerTestExecutionListener@5241cf67, org.springframework.boot.test.mock.mockito.ResetMocksTestExecutionListener@716a7124]
17:05:15.555 [Test worker] DEBUG org.springframework.test.context.support.AbstractDirtiesContextTestExecutionListener - Before test class: context [DefaultTestContext@7b139eab testClass = RabbitMqConsumerApplicationTests, testInstance = [null], testMethod = [null], testException = [null], mergedContextConfiguration = [WebMergedContextConfiguration@4e76dac testClass = RabbitMqConsumerApplicationTests, locations = '{}', classes = '{class rabbitmqconsumer.RabbitMqConsumerApplication}', contextInitializerClasses = '[]', activeProfiles = '{}', propertySourceLocations = '{}', propertySourceProperties = '{org.springframework.boot.test.context.SpringBootTestContextBootstrapper=true}', contextCustomizers = set[org.springframework.boot.test.autoconfigure.actuate.metrics.MetricsExportContextCustomizerFactory$DisableMetricExportContextCustomizer@1afdd473, org.springframework.boot.test.autoconfigure.properties.PropertyMappingContextCustomizer@0, org.springframework.boot.test.autoconfigure.web.servlet.WebDriverContextCustomizerFactory$Customizer@78383390, org.springframework.boot.test.context.filter.ExcludeFilterContextCustomizer@4748a0f9, org.springframework.boot.test.json.DuplicateJsonObjectContextCustomizerFactory$DuplicateJsonObjectContextCustomizer@77d67cf3, org.springframework.boot.test.mock.mockito.MockitoContextCustomizer@0, org.springframework.boot.test.web.client.TestRestTemplateContextCustomizer@5adb0db3, org.springframework.boot.test.context.SpringBootTestArgs@1, org.springframework.boot.test.context.SpringBootTestWebEnvironment@25084a1e], resourceBasePath = 'src/main/webapp', contextLoader = 'org.springframework.boot.test.context.SpringBootContextLoader', parent = [null]], attributes = map['org.springframework.test.context.web.ServletTestExecutionListener.activateListener' -> true]], class annotated with @DirtiesContext [false] with mode [null].

  .   ____          _            __ _ _
 /\\ / ___'_ __ _ _(_)_ __  __ _ \ \ \ \
( ( )\___ | '_ | '_| | '_ \/ _` | \ \ \ \
 \\/  ___)| |_)| | | | | || (_| |  ) ) ) )
  '  |____| .__|_| |_|_| |_\__, | / / / /
 =========|_|==============|___/=/_/_/_/
 :: Spring Boot ::               (v2.7.17)

2023-12-01 17:05:15.869  INFO 20284 --- [    Test worker] r.RabbitMqConsumerApplicationTests       : Starting RabbitMqConsumerApplicationTests using Java 17.0.8 on DESKTOP-S14N3LP with PID 20284 (started by USER in C:\Users\USER\Desktop\RABBIT-MQ-PRACTICE\rabbit-mq-consumer)
2023-12-01 17:05:15.870  INFO 20284 --- [    Test worker] r.RabbitMqConsumerApplicationTests       : No active profile set, falling back to 1 default profile: "default"
2023-12-01 17:05:17.581  INFO 20284 --- [    Test worker] o.s.a.r.c.CachingConnectionFactory       : Attempting to connect to: [localhost:5672]
2023-12-01 17:05:17.621  INFO 20284 --- [    Test worker] o.s.a.r.c.CachingConnectionFactory       : Created new connection: rabbitConnectionFactory#1ec22831:0/SimpleConnection@34c76167 [delegate=amqp://best@127.0.0.1:5672/, localPort= 59965]
2023-12-01 17:05:17.681  INFO 20284 --- [    Test worker] r.RabbitMqConsumerApplicationTests       : Started RabbitMqConsumerApplicationTests in 2.085 seconds (JVM running for 3.108)
]]></system-out>
  <system-err><![CDATA[]]></system-err>
</testsuite>
